

mschapv2: Tue Nov 15 04:22:55 2016
	 username:	fgji
	 challenge:	bc:28:0e:1b:3e:b2:04:17
	 response:	e3:a5:7b:a1:02:5d:f4:e4:bd:13:72:74:af:ac:61:bf:9a:61:74:36:9b:28:cd:7b
	 jtr NETNTLM:	fgji:$NETNTLM$bc280e1b3eb20417$e3a57ba1025df4e4bd137274afac61bf9a6174369b28cd7b


mschapv2: Tue Nov 15 04:22:56 2016
	 username:	fgji
	 challenge:	d2:9d:05:a3:66:c6:31:1e
	 response:	2f:8d:fd:6e:fa:a9:60:78:49:ae:20:c2:8b:6a:f4:06:b7:28:97:65:bb:91:78:9e
	 jtr NETNTLM:	fgji:$NETNTLM$d29d05a366c6311e$2f8dfd6efaa9607849ae20c28b6af406b7289765bb91789e


mschapv2: Tue Nov 15 04:23:22 2016
	 username:	fgji
	 challenge:	aa:94:bf:c9:b5:77:74:e4
	 response:	77:d7:39:30:92:c7:e2:ab:f2:3d:a5:be:c3:99:6b:cd:a5:13:34:b8:58:59:8d:84
	 jtr NETNTLM:	fgji:$NETNTLM$aa94bfc9b57774e4$77d7393092c7e2abf23da5bec3996bcda51334b858598d84


mschapv2: Tue Nov 15 04:24:24 2016
	 username:	fgji
	 challenge:	eb:ec:ba:b7:62:07:71:a0
	 response:	8b:64:ff:e9:9a:e6:9b:3b:e8:13:06:25:bc:f4:f1:a9:0c:2f:42:05:82:e2:fa:20
	 jtr NETNTLM:	fgji:$NETNTLM$ebecbab7620771a0$8b64ffe99ae69b3be8130625bcf4f1a90c2f420582e2fa20
