

mschapv2: Mon Nov 14 15:01:02 2016
	 username:	lolada
	 challenge:	35:9c:bc:90:d4:e7:4b:6f
	 response:	44:71:78:85:f6:04:0a:99:64:24:9f:28:12:38:76:07:5a:ab:9d:d2:7b:19:6d:a4
	 jtr NETNTLM:	lolada:$NETNTLM$359cbc90d4e74b6f$44717885f6040a9964249f28123876075aab9dd27b196da4


mschapv2: Mon Nov 14 15:08:27 2016
	 username:	shit
	 challenge:	9d:d8:70:ff:c9:52:b9:3f
	 response:	ec:83:7f:8f:f9:f0:ba:56:aa:36:30:8a:3d:b9:8f:c3:14:4b:01:bc:a2:e0:c7:f2
	 jtr NETNTLM:	shit:$NETNTLM$9dd870ffc952b93f$ec837f8ff9f0ba56aa36308a3db98fc3144b01bca2e0c7f2


mschapv2: Mon Nov 14 15:08:27 2016
	 username:	shit
	 challenge:	60:a5:c6:6b:f8:5e:b5:ea
	 response:	84:4a:55:ee:74:ba:0d:7c:55:ea:ec:ec:e6:fe:7e:46:17:bd:d5:a7:da:68:bb:4d
	 jtr NETNTLM:	shit:$NETNTLM$60a5c66bf85eb5ea$844a55ee74ba0d7c55eaecece6fe7e4617bdd5a7da68bb4d


mschapv2: Mon Nov 14 15:08:27 2016
	 username:	shit
	 challenge:	37:13:bd:6b:8b:35:ab:7c
	 response:	8e:bd:e0:77:eb:c7:c4:9d:a6:c5:da:87:68:58:5d:c9:ba:bc:29:79:68:b9:82:c2
	 jtr NETNTLM:	shit:$NETNTLM$3713bd6b8b35ab7c$8ebde077ebc7c49da6c5da8768585dc9babc297968b982c2


mschapv2: Mon Nov 14 15:10:30 2016
	 username:	pass
	 challenge:	32:ae:83:48:26:1a:91:30
	 response:	c8:c0:9c:85:1f:bd:be:3b:b4:6f:98:9a:97:a9:7a:42:76:9c:7f:11:7d:ab:1f:9e
	 jtr NETNTLM:	pass:$NETNTLM$32ae8348261a9130$c8c09c851fbdbe3bb46f989a97a97a42769c7f117dab1f9e


mschapv2: Mon Nov 14 17:15:23 2016
	 username:	yoz
	 challenge:	a5:f3:9a:6c:0e:81:ba:b1
	 response:	7f:ac:ac:21:bc:88:67:b3:61:c3:62:e1:5e:3e:14:4a:65:d4:9c:19:27:19:f6:bf
	 jtr NETNTLM:	yoz:$NETNTLM$a5f39a6c0e81bab1$7facac21bc8867b361c362e15e3e144a65d49c192719f6bf


mschapv2: Mon Nov 14 17:15:42 2016
	 username:	yoz
	 challenge:	42:68:90:46:90:bd:dc:0e
	 response:	2d:db:93:3e:7c:71:44:48:72:44:7d:70:fc:d1:28:45:3c:0f:bd:ea:5b:0c:61:b3
	 jtr NETNTLM:	yoz:$NETNTLM$4268904690bddc0e$2ddb933e7c71444872447d70fcd128453c0fbdea5b0c61b3


mschapv2: Mon Nov 14 17:15:42 2016
	 username:	yoz
	 challenge:	ab:5f:14:c0:4d:b4:02:4a
	 response:	0d:e2:0c:01:cf:3b:36:fa:1a:ec:6d:3b:6e:c6:77:4c:e5:c0:bf:7f:5d:a7:42:c7
	 jtr NETNTLM:	yoz:$NETNTLM$ab5f14c04db4024a$0de20c01cf3b36fa1aec6d3b6ec6774ce5c0bf7f5da742c7


mschapv2: Mon Nov 14 17:15:43 2016
	 username:	yoz
	 challenge:	ab:4e:68:08:1e:19:d9:6b
	 response:	17:92:1b:eb:38:ac:b3:b8:01:f3:2d:78:93:3d:b0:2f:d3:39:dc:6e:15:cf:18:43
	 jtr NETNTLM:	yoz:$NETNTLM$ab4e68081e19d96b$17921beb38acb3b801f32d78933db02fd339dc6e15cf1843


mschapv2: Mon Nov 14 17:49:32 2016
	 username:	ajere@iscte.pt
	 challenge:	7b:02:6e:71:65:0e:f2:a4
	 response:	6e:54:5e:76:43:68:a5:55:4c:a0:eb:a7:0d:f9:58:0e:2d:3c:2e:1a:ee:f2:c2:27
	 jtr NETNTLM:	ajere@iscte.pt:$NETNTLM$7b026e71650ef2a4$6e545e764368a5554ca0eba70df9580e2d3c2e1aeef2c227


mschapv2: Mon Nov 14 17:49:33 2016
	 username:	ajere@iscte.pt
	 challenge:	4e:f4:e5:6c:01:c2:68:c6
	 response:	bb:05:ec:56:7c:99:ae:0f:df:fe:1f:4a:d2:a6:df:03:28:51:5f:9f:ed:71:7b:b0
	 jtr NETNTLM:	ajere@iscte.pt:$NETNTLM$4ef4e56c01c268c6$bb05ec567c99ae0fdffe1f4ad2a6df0328515f9fed717bb0


mschapv2: Mon Nov 14 17:49:34 2016
	 username:	ajere@iscte.pt
	 challenge:	48:61:c4:54:48:9d:e9:a7
	 response:	fb:9b:88:0d:b9:73:8b:53:0b:76:da:b1:0d:d0:50:2c:0a:5e:3a:d8:b2:fa:38:41
	 jtr NETNTLM:	ajere@iscte.pt:$NETNTLM$4861c454489de9a7$fb9b880db9738b530b76dab10dd0502c0a5e3ad8b2fa3841


mschapv2: Mon Nov 14 18:09:24 2016
	 username:	ajere@iscte.pt
	 challenge:	dd:5e:24:26:e6:44:dc:01
	 response:	86:92:41:fd:ea:92:2d:dc:78:1d:ef:28:c2:1a:16:e1:4b:d0:f4:40:9b:c1:e4:d1
	 jtr NETNTLM:	ajere@iscte.pt:$NETNTLM$dd5e2426e644dc01$869241fdea922ddc781def28c21a16e14bd0f4409bc1e4d1


mschapv2: Mon Nov 14 18:09:24 2016
	 username:	ajere@iscte.pt
	 challenge:	1a:e2:84:2f:6a:9b:18:64
	 response:	20:9e:6c:d6:e5:17:90:a4:a6:87:fd:2e:70:77:5b:b4:48:e3:40:2a:e5:43:c2:a1
	 jtr NETNTLM:	ajere@iscte.pt:$NETNTLM$1ae2842f6a9b1864$209e6cd6e51790a4a687fd2e70775bb448e3402ae543c2a1


mschapv2: Mon Nov 14 18:09:25 2016
	 username:	ajere@iscte.pt
	 challenge:	ef:2f:95:3a:64:62:ea:ca
	 response:	22:d8:a3:d2:62:74:43:f6:62:52:0f:69:f9:c4:36:83:87:ea:76:57:0d:d1:f5:b6
	 jtr NETNTLM:	ajere@iscte.pt:$NETNTLM$ef2f953a6462eaca$22d8a3d2627443f662520f69f9c4368387ea76570dd1f5b6


mschapv2: Mon Nov 14 18:09:29 2016
	 username:	ajere@iscte.pt
	 challenge:	de:8e:e9:99:49:59:49:87
	 response:	bb:df:0e:05:1d:c9:73:e1:f4:f8:4e:54:5a:1d:5e:01:59:11:21:8d:90:5a:db:cc
	 jtr NETNTLM:	ajere@iscte.pt:$NETNTLM$de8ee99949594987$bbdf0e051dc973e1f4f84e545a1d5e015911218d905adbcc


mschapv2: Mon Nov 14 18:09:56 2016
	 username:	ajere@iscte.pt
	 challenge:	c0:d5:11:ee:e3:ba:6a:3f
	 response:	f9:17:57:84:16:70:63:00:4f:3d:77:4f:33:04:3e:c2:6a:ed:38:97:7c:f8:cd:c1
	 jtr NETNTLM:	ajere@iscte.pt:$NETNTLM$c0d511eee3ba6a3f$f9175784167063004f3d774f33043ec26aed38977cf8cdc1


mschapv2: Mon Nov 14 18:09:58 2016
	 username:	ajere@iscte.pt
	 challenge:	c1:46:36:a6:ed:ca:6b:4b
	 response:	f4:42:ea:b6:4c:ed:eb:f5:cf:d4:c0:5e:65:bf:36:db:c9:4b:d3:3e:4a:57:70:e6
	 jtr NETNTLM:	ajere@iscte.pt:$NETNTLM$c14636a6edca6b4b$f442eab64cedebf5cfd4c05e65bf36dbc94bd33e4a5770e6


mschapv2: Mon Nov 14 22:04:07 2016
	 username:	joao_anastacio16@hotmail.com
	 challenge:	50:c3:5f:c0:17:a0:94:80
	 response:	1a:22:18:9b:ef:14:a5:c3:df:29:20:19:99:f0:77:b1:ab:64:e5:87:ee:2d:62:7e
	 jtr NETNTLM:	joao_anastacio16@hotmail.com:$NETNTLM$50c35fc017a09480$1a22189bef14a5c3df29201999f077b1ab64e587ee2d627e


mschapv2: Mon Nov 14 22:10:33 2016
	 username:	olart
	 challenge:	3c:8e:37:d1:4d:75:93:a3
	 response:	0c:f6:59:b4:3b:95:3a:b4:83:68:bb:e6:1d:48:ab:59:65:47:30:d3:c2:fe:a2:cc
	 jtr NETNTLM:	olart:$NETNTLM$3c8e37d14d7593a3$0cf659b43b953ab48368bbe61d48ab59654730d3c2fea2cc


mschapv2: Mon Nov 14 22:10:44 2016
	 username:	olart
	 challenge:	14:0e:be:69:86:6e:a3:21
	 response:	00:b9:c2:b2:ea:a1:a8:11:6f:44:17:27:d1:4f:9d:9c:f5:bf:d1:99:a2:aa:df:0e
	 jtr NETNTLM:	olart:$NETNTLM$140ebe69866ea321$00b9c2b2eaa1a8116f441727d14f9d9cf5bfd199a2aadf0e


mschapv2: Tue Nov 15 01:31:10 2016
	 username:	tugcdg
	 challenge:	65:72:7f:5c:5a:f8:a9:f5
	 response:	b7:5d:4c:54:cb:62:ab:88:90:31:ef:01:57:a1:0f:47:35:93:ed:8f:da:d3:dc:9e
	 jtr NETNTLM:	tugcdg:$NETNTLM$65727f5c5af8a9f5$b75d4c54cb62ab889031ef0157a10f473593ed8fdad3dc9e


mschapv2: Tue Nov 15 01:31:48 2016
	 username:	tugcdg@iscte.pt
	 challenge:	38:5a:5b:57:6c:03:cf:80
	 response:	68:42:0f:53:d0:fd:82:17:96:02:4b:94:83:c9:1f:4c:30:29:5f:33:8e:3a:5c:99
	 jtr NETNTLM:	tugcdg@iscte.pt:$NETNTLM$385a5b576c03cf80$68420f53d0fd821796024b9483c91f4c30295f338e3a5c99


mschapv2: Tue Nov 15 02:59:26 2016
	 username:	trdgv
	 challenge:	09:66:08:52:36:b9:13:ae
	 response:	c9:eb:e6:d4:a1:a7:d5:2a:87:60:c6:5f:42:5e:c1:dd:ef:71:c9:c2:62:70:bf:81
	 jtr NETNTLM:	trdgv:$NETNTLM$0966085236b913ae$c9ebe6d4a1a7d52a8760c65f425ec1ddef71c9c26270bf81


mschapv2: Tue Nov 15 03:12:37 2016
	 username:	trdgv
	 challenge:	1c:68:b0:60:35:47:71:7e
	 response:	bc:40:c7:83:ca:7d:31:9e:42:80:9e:f1:91:16:b1:f1:42:9a:db:74:b3:21:be:ce
	 jtr NETNTLM:	trdgv:$NETNTLM$1c68b0603547717e$bc40c783ca7d319e42809ef19116b1f1429adb74b321bece


mschapv2: Tue Nov 15 03:12:39 2016
	 username:	trdgv
	 challenge:	90:8a:2a:6c:f8:53:b7:ee
	 response:	b5:eb:37:3a:15:cd:92:b8:82:eb:00:ab:e1:e6:ba:4a:23:89:69:9b:6e:07:27:1a
	 jtr NETNTLM:	trdgv:$NETNTLM$908a2a6cf853b7ee$b5eb373a15cd92b882eb00abe1e6ba4a2389699b6e07271a


mschapv2: Tue Nov 15 03:13:06 2016
	 username:	trdgv
	 challenge:	77:a5:a2:11:c4:7f:58:09
	 response:	48:b9:80:b3:c0:fc:f2:6e:73:fb:38:1a:d5:a5:17:ab:eb:bd:2e:99:ab:aa:b5:14
	 jtr NETNTLM:	trdgv:$NETNTLM$77a5a211c47f5809$48b980b3c0fcf26e73fb381ad5a517abebbd2e99abaab514


mschapv2: Tue Nov 15 03:30:34 2016
	 username:	trdgv
	 challenge:	8a:63:d8:8e:f7:65:09:06
	 response:	5a:f2:a9:69:21:af:23:f4:45:50:37:6a:37:09:3f:6f:04:fc:15:0d:07:e7:1c:e0
	 jtr NETNTLM:	trdgv:$NETNTLM$8a63d88ef7650906$5af2a96921af23f44550376a37093f6f04fc150d07e71ce0


mschapv2: Tue Nov 15 03:36:20 2016
	 username:	fgji
	 challenge:	e5:e3:11:4b:6e:5d:fa:96
	 response:	ba:98:ff:a3:1c:da:b9:6c:16:c9:d4:41:71:ae:98:56:42:99:44:16:40:6f:19:38
	 jtr NETNTLM:	fgji:$NETNTLM$e5e3114b6e5dfa96$ba98ffa31cdab96c16c9d44171ae985642994416406f1938


mschapv2: Tue Nov 15 03:59:24 2016
	 username:	trdgv
	 challenge:	fd:43:36:9c:7a:ba:cd:2e
	 response:	4d:10:a8:f0:2d:e9:b1:ac:d6:78:e3:10:bb:3a:ce:fa:92:66:b9:e4:ad:94:0e:d7
	 jtr NETNTLM:	trdgv:$NETNTLM$fd43369c7abacd2e$4d10a8f02de9b1acd678e310bb3acefa9266b9e4ad940ed7
